[E:8a5c8e4a-2ccb-4dc7-a03d-b671271d5c33][T:2024-01-17 17:19:44.703648][U:?][A:_cert_login admin@nvidia.com]
[E:a8ef2213-c708-4428-91da-c60171f47e9a][T:2024-01-17 17:20:43.128610][U:?][A:_cert_login admin@nvidia.com]
[E:dc250c97-708b-4720-8361-2a6479a52009][T:2024-01-17 17:22:31.564170][U:?][A:_cert_login admin@nvidia.com]
[E:68953973-136e-489b-a16c-fa0dc8fd8310][T:2024-01-17 17:24:29.252308][U:?][A:_cert_login admin@nvidia.com]
[E:7cf9bdc2-c1db-4432-88dd-f106e0b6ea56][T:2024-01-17 17:25:09.280441][U:?][A:_cert_login admin@nvidia.com]
[E:eeb6b872-f84b-46c2-a352-2b57f8919662][T:2024-01-17 17:25:09.381814][U:admin@nvidia.com][A:check_status server]
[E:762f3249-b1ef-414c-811e-3cb9bc257e02][T:2024-01-17 17:25:39.130574][U:?][A:_cert_login admin@nvidia.com]
[E:d1177bae-e897-4e43-8f18-b874e97886fa][T:2024-01-17 17:25:39.229968][U:admin@nvidia.com][A:check_status server]
[E:cc443d9f-d09f-40bc-be69-42a2853ce17a][T:2024-01-17 17:31:50.806386][U:?][A:_cert_login admin@nvidia.com]
[E:006aad83-7f81-4482-9c40-0e1450ddad86][T:2024-01-17 17:31:50.904569][U:admin@nvidia.com][A:check_status server]
[E:395768f8-2444-4a61-9741-dabf80ab35c3][T:2024-01-17 17:56:17.636197][U:?][A:_cert_login admin@nvidia.com]
[E:96cbe81d-3d55-4d1b-aea4-0697f17de11f][T:2024-01-17 17:56:17.731609][U:admin@nvidia.com][A:check_status server]
[E:5145a7cb-e377-4df9-8db2-0c9529ebf1bf][T:2024-01-17 17:58:00.071556][U:?][A:_cert_login admin@nvidia.com]
[E:ac1d6985-62a7-480a-8a5b-c8b651a02d89][T:2024-01-17 17:58:00.170069][U:admin@nvidia.com][A:check_status server]
[E:74623f0a-e720-432d-bdb8-1aeac0ce977e][T:2024-01-17 17:58:42.925054][U:?][A:_cert_login admin@nvidia.com]
[E:c0b35296-816b-4380-85e3-686723c7a5ad][T:2024-01-17 17:58:43.022147][U:admin@nvidia.com][A:check_status server]
[E:856e4c94-84e9-4ff7-a396-18b296088038][T:2024-01-17 17:59:37.517000][U:?][A:_cert_login admin@nvidia.com]
[E:f56a398a-fa96-4106-9870-5b04d9c36f8b][T:2024-01-17 17:59:37.615686][U:admin@nvidia.com][A:check_status server]
[E:cfb8973b-22c4-4ec7-bac4-25b6f1ffd83b][T:2024-01-17 18:00:07.947295][U:?][A:_cert_login admin@nvidia.com]
[E:244b2396-8ed3-4e6c-a535-b1d1280f0717][T:2024-01-17 18:00:08.046602][U:admin@nvidia.com][A:check_status server]
[E:07d48176-bf82-4b88-ae6e-f7a5659e2911][T:2024-01-17 18:02:06.371272][U:?][A:_cert_login admin@nvidia.com]
[E:3ee97afc-7378-4b7e-abe9-4b25c5f07b04][T:2024-01-17 18:02:06.469825][U:admin@nvidia.com][A:check_status server]
[E:6b4bd722-5a1f-4ba0-86d6-83a04e0a0f3d][T:2024-01-17 18:05:23.855673][U:?][A:_cert_login admin@nvidia.com]
[E:68b7f173-9833-4b0c-b69e-2cdc06c45e87][T:2024-01-17 18:05:23.941206][U:admin@nvidia.com][A:check_status server]
[E:506187b8-15cf-41c3-af97-494e214b1dd7][T:2024-01-17 18:05:24.102374][U:admin@nvidia.com][A:job_mgmt.submit_job job UEsDBBQAAAAAAKuQMVg4/WYpzAIAAMwCAAAUAAAAam9iLy5fX252Zmxfc2lnLmpzb257Im1ldGEu]
[E:82eb798a-7159-4f1c-83d7-8552f921aef1][T:2024-01-17 18:05:27.791628][J:bbe2962a-2249-40ee-8639-d8c819403540][A:train#b0d9ea9a-c7ea-4e30-9649-085dc974c48f]sent task to client "site-2"
[E:beb1439b-1302-41bd-a2cf-f825ccbd7481][R:a42dc193-0326-4532-937f-e93a915b5c3d][T:2024-01-17 18:05:27.831933][J:bbe2962a-2249-40ee-8639-d8c819403540][A:train#b0d9ea9a-c7ea-4e30-9649-085dc974c48f]received result from client 'site-2'
[E:b5b31436-9bce-4e87-a37b-e0faae50ff65][T:2024-01-17 18:05:27.893492][J:bbe2962a-2249-40ee-8639-d8c819403540][A:train#a3d261cb-e827-43c4-aab2-554496daa7f0]sent task to client "site-1"
[E:de28bbdd-5ad8-4d09-8364-f9bfc70d5f78][R:49525423-88c5-440d-b0c8-6f6bae88c39a][T:2024-01-17 18:05:27.924036][J:bbe2962a-2249-40ee-8639-d8c819403540][A:train#a3d261cb-e827-43c4-aab2-554496daa7f0]received result from client 'site-1'
[E:562ac88e-603f-4cb8-a4db-aecd552b3a63][T:2024-01-17 18:05:29.851173][J:bbe2962a-2249-40ee-8639-d8c819403540][A:train#e6c2daf2-e163-4e1c-b2d5-8608affd36b0]sent task to client "site-2"
[E:caf1eedd-38f8-4818-aac2-6ab0faf342d8][R:78a965a6-bca7-4af6-9aad-1bf36d3413d8][T:2024-01-17 18:05:29.879057][J:bbe2962a-2249-40ee-8639-d8c819403540][A:train#e6c2daf2-e163-4e1c-b2d5-8608affd36b0]received result from client 'site-2'
[E:8465161d-4c11-4e16-a28e-e34d37243807][T:2024-01-17 18:05:29.938650][J:bbe2962a-2249-40ee-8639-d8c819403540][A:train#4fba7922-d184-4c6c-aeba-55580484e511]sent task to client "site-1"
[E:a8693051-ffa8-43f8-a930-7e6017f91524][R:9fe4dfb5-31a1-438e-b51d-1e8256fe2c7a][T:2024-01-17 18:05:29.963819][J:bbe2962a-2249-40ee-8639-d8c819403540][A:train#4fba7922-d184-4c6c-aeba-55580484e511]received result from client 'site-1'
[E:0235f878-7743-4061-b036-ef42a13c47c3][T:2024-01-17 18:05:31.892888][J:bbe2962a-2249-40ee-8639-d8c819403540][A:train#24173ddb-3896-425c-831e-8dba2706588e]sent task to client "site-2"
[E:1ab92774-c1b3-4e77-9d99-a021c1d00b4b][R:0ee6386d-4514-4a01-ac67-9a3add10cc88][T:2024-01-17 18:05:31.922529][J:bbe2962a-2249-40ee-8639-d8c819403540][A:train#24173ddb-3896-425c-831e-8dba2706588e]received result from client 'site-2'
[E:96aa7cab-c1fb-4538-92eb-e7883c28e4e3][T:2024-01-17 18:05:31.977038][J:bbe2962a-2249-40ee-8639-d8c819403540][A:train#54c85608-7471-4306-b449-ba1c6194ef79]sent task to client "site-1"
[E:97a2640a-820f-48e4-99d0-8f3e57b6445a][R:3775186a-810d-4f8b-b706-8da57f6ce1b2][T:2024-01-17 18:05:32.001466][J:bbe2962a-2249-40ee-8639-d8c819403540][A:train#54c85608-7471-4306-b449-ba1c6194ef79]received result from client 'site-1'
